2018-05-07 04:39:53,886 [WARN] from slick.basic.DatabaseConfig in main - Use `profile` instead of `driver`. The latter is deprecated since Slick 3.2 and will be removed.
2018-05-07 04:39:54,082 [INFO] from application in main - ApplicationTimer demo: Starting application at 2018-05-07T09:39:54.081Z.
2018-05-07 04:40:08,091 [WARN] from slick.basic.DatabaseConfig in main - Use `profile` instead of `driver`. The latter is deprecated since Slick 3.2 and will be removed.
2018-05-07 04:40:08,316 [INFO] from application in main - ApplicationTimer demo: Starting application at 2018-05-07T09:40:08.315Z.
2018-05-07 04:40:38,887 [WARN] from slick.basic.DatabaseConfig in main - Use `profile` instead of `driver`. The latter is deprecated since Slick 3.2 and will be removed.
2018-05-07 04:40:39,072 [INFO] from application in main - ApplicationTimer demo: Starting application at 2018-05-07T09:40:39.071Z.
2018-05-07 04:40:39,076 [INFO] from play.api.Play in main - Application started (Prod)
2018-05-07 04:40:39,762 [WARN] from play.core.server.ssl.DefaultSSLEngineProvider in main - Using generated key with self signed certificate for HTTPS. This should not be used in production.
2018-05-07 04:40:39,763 [INFO] from play.core.server.ssl.FakeKeyStore in main - Generating HTTPS key pair in /users/hevans/workspace/Restaurant/server/target/universal/restaurant-server-0.1.0-SNAPSHOT/conf/generated.keystore - this may take some time. If nothing happens, try moving the mouse/typing on the keyboard to generate some entropy.
2018-05-07 04:40:40,041 [ERROR] from akka.io.TcpListener in application-akka.actor.default-dispatcher-4 - Bind failed for TCP channel on endpoint [/0.0.0.0:9011]
java.net.BindException: Address already in use
	at sun.nio.ch.Net.bind0(Native Method)
	at sun.nio.ch.Net.bind(Net.java:433)
	at sun.nio.ch.Net.bind(Net.java:425)
	at sun.nio.ch.ServerSocketChannelImpl.bind(ServerSocketChannelImpl.java:223)
	at sun.nio.ch.ServerSocketAdaptor.bind(ServerSocketAdaptor.java:74)
	at akka.io.TcpListener.liftedTree1$1(TcpListener.scala:56)
	at akka.io.TcpListener.<init>(TcpListener.scala:53)
	at sun.reflect.NativeConstructorAccessorImpl.newInstance0(Native Method)
	at sun.reflect.NativeConstructorAccessorImpl.newInstance(NativeConstructorAccessorImpl.java:62)
	at sun.reflect.DelegatingConstructorAccessorImpl.newInstance(DelegatingConstructorAccessorImpl.java:45)
	at java.lang.reflect.Constructor.newInstance(Constructor.java:423)
	at akka.util.Reflect$.instantiate(Reflect.scala:65)
	at akka.actor.ArgsReflectConstructor.produce(IndirectActorProducer.scala:96)
	at akka.actor.Props.newActor(Props.scala:213)
	at akka.actor.ActorCell.newActor(ActorCell.scala:626)
	at akka.actor.ActorCell.create(ActorCell.scala:652)
	at akka.actor.ActorCell.invokeAll$1(ActorCell.scala:525)
	at akka.actor.ActorCell.systemInvoke(ActorCell.scala:547)
	at akka.dispatch.Mailbox.processAllSystemMessages(Mailbox.scala:282)
	at akka.dispatch.Mailbox.run(Mailbox.scala:223)
	at akka.dispatch.Mailbox.exec(Mailbox.scala:234)
	at akka.dispatch.forkjoin.ForkJoinTask.doExec(ForkJoinTask.java:260)
	at akka.dispatch.forkjoin.ForkJoinPool$WorkQueue.runTask(ForkJoinPool.java:1339)
	at akka.dispatch.forkjoin.ForkJoinPool.runWorker(ForkJoinPool.java:1979)
	at akka.dispatch.forkjoin.ForkJoinWorkerThread.run(ForkJoinWorkerThread.java:107)
2018-05-07 04:41:35,279 [WARN] from slick.basic.DatabaseConfig in main - Use `profile` instead of `driver`. The latter is deprecated since Slick 3.2 and will be removed.
2018-05-07 04:41:35,444 [INFO] from application in main - ApplicationTimer demo: Starting application at 2018-05-07T09:41:35.443Z.
2018-05-07 04:41:35,450 [INFO] from play.api.Play in main - Application started (Prod)
2018-05-07 04:41:36,178 [WARN] from play.core.server.ssl.DefaultSSLEngineProvider in main - Using generated key with self signed certificate for HTTPS. This should not be used in production.
2018-05-07 04:41:36,221 [ERROR] from akka.io.TcpListener in application-akka.actor.default-dispatcher-2 - Bind failed for TCP channel on endpoint [/0.0.0.0:9011]
java.net.BindException: Address already in use
	at sun.nio.ch.Net.bind0(Native Method)
	at sun.nio.ch.Net.bind(Net.java:433)
	at sun.nio.ch.Net.bind(Net.java:425)
	at sun.nio.ch.ServerSocketChannelImpl.bind(ServerSocketChannelImpl.java:223)
	at sun.nio.ch.ServerSocketAdaptor.bind(ServerSocketAdaptor.java:74)
	at akka.io.TcpListener.liftedTree1$1(TcpListener.scala:56)
	at akka.io.TcpListener.<init>(TcpListener.scala:53)
	at sun.reflect.NativeConstructorAccessorImpl.newInstance0(Native Method)
	at sun.reflect.NativeConstructorAccessorImpl.newInstance(NativeConstructorAccessorImpl.java:62)
	at sun.reflect.DelegatingConstructorAccessorImpl.newInstance(DelegatingConstructorAccessorImpl.java:45)
	at java.lang.reflect.Constructor.newInstance(Constructor.java:423)
	at akka.util.Reflect$.instantiate(Reflect.scala:65)
	at akka.actor.ArgsReflectConstructor.produce(IndirectActorProducer.scala:96)
	at akka.actor.Props.newActor(Props.scala:213)
	at akka.actor.ActorCell.newActor(ActorCell.scala:626)
	at akka.actor.ActorCell.create(ActorCell.scala:652)
	at akka.actor.ActorCell.invokeAll$1(ActorCell.scala:525)
	at akka.actor.ActorCell.systemInvoke(ActorCell.scala:547)
	at akka.dispatch.Mailbox.processAllSystemMessages(Mailbox.scala:282)
	at akka.dispatch.Mailbox.run(Mailbox.scala:223)
	at akka.dispatch.Mailbox.exec(Mailbox.scala:234)
	at akka.dispatch.forkjoin.ForkJoinTask.doExec(ForkJoinTask.java:260)
	at akka.dispatch.forkjoin.ForkJoinPool$WorkQueue.runTask(ForkJoinPool.java:1339)
	at akka.dispatch.forkjoin.ForkJoinPool.runWorker(ForkJoinPool.java:1979)
	at akka.dispatch.forkjoin.ForkJoinWorkerThread.run(ForkJoinWorkerThread.java:107)
2018-05-07 04:43:46,265 [WARN] from slick.basic.DatabaseConfig in main - Use `profile` instead of `driver`. The latter is deprecated since Slick 3.2 and will be removed.
2018-05-07 04:43:46,430 [INFO] from application in main - ApplicationTimer demo: Starting application at 2018-05-07T09:43:46.429Z.
2018-05-07 04:43:46,433 [INFO] from play.api.Play in main - Application started (Prod)
2018-05-07 04:43:47,029 [WARN] from play.core.server.ssl.DefaultSSLEngineProvider in main - Using generated key with self signed certificate for HTTPS. This should not be used in production.
2018-05-07 04:43:47,066 [INFO] from play.core.server.AkkaHttpServer in main - Listening for HTTP on /0:0:0:0:0:0:0:0:9010
2018-05-07 04:43:47,067 [INFO] from play.core.server.AkkaHttpServer in main - Listening for HTTPS on /0:0:0:0:0:0:0:0:9011
2018-05-07 04:44:13,221 [INFO] from play.core.server.AkkaHttpServer in Thread-6 - Stopping server...
2018-05-07 04:44:13,232 [INFO] from application in Thread-6 - ApplicationTimer demo: Stopping application at 2018-05-07T09:44:13.232Z after 27s.
2018-05-07 04:44:13,442 [WARN] from slick.util.AsyncExecutor in application-akka.actor.default-dispatcher-8 - Having maxConnection > maxThreads can result in deadlocks if transactions or database locks are used.
2018-05-07 04:45:44,252 [WARN] from slick.basic.DatabaseConfig in main - Use `profile` instead of `driver`. The latter is deprecated since Slick 3.2 and will be removed.
2018-05-07 04:45:44,419 [INFO] from application in main - ApplicationTimer demo: Starting application at 2018-05-07T09:45:44.418Z.
2018-05-07 04:45:44,422 [INFO] from play.api.Play in main - Application started (Prod)
2018-05-07 04:45:45,016 [WARN] from play.core.server.ssl.DefaultSSLEngineProvider in main - Using generated key with self signed certificate for HTTPS. This should not be used in production.
2018-05-07 04:45:45,056 [INFO] from play.core.server.AkkaHttpServer in main - Listening for HTTP on /0:0:0:0:0:0:0:0:9010
2018-05-07 04:45:45,057 [INFO] from play.core.server.AkkaHttpServer in main - Listening for HTTPS on /0:0:0:0:0:0:0:0:9011
2018-05-07 04:46:40,921 [WARN] from slick.util.AsyncExecutor in application-akka.actor.default-dispatcher-6 - Having maxConnection > maxThreads can result in deadlocks if transactions or database locks are used.
